<?xml version="1.0" encoding="UTF-8"?>
<coverage generated="1595960054369" clover="3.2.0">
  <project timestamp="1595960054369" name="All files">
    <metrics statements="8" coveredstatements="8" conditionals="0" coveredconditionals="0" methods="3" coveredmethods="3" elements="11" coveredelements="11" complexity="0" loc="8" ncloc="8" packages="3" files="4" classes="4"/>
    <package name="App.Pages.User.UserBasePath.UserBasePathContent.CreateAccount.WelcomeMessage">
      <metrics statements="2" coveredstatements="2" conditionals="0" coveredconditionals="0" methods="1" coveredmethods="1"/>
      <file name="index.js" path="/Users/dwolfe2/Sites/marble-website-starter/site/src/@ndlib/gatsby-theme-marble/components/App/Pages/User/UserBasePath/UserBasePathContent/CreateAccount/WelcomeMessage/index.js">
        <metrics statements="2" coveredstatements="2" conditionals="0" coveredconditionals="0" methods="1" coveredmethods="1"/>
        <line num="3" count="1" type="stmt"/>
        <line num="4" count="1" type="stmt"/>
      </file>
    </package>
    <package name="Layout.CornerBanner">
      <metrics statements="2" coveredstatements="2" conditionals="0" coveredconditionals="0" methods="1" coveredmethods="1"/>
      <file name="index.js" path="/Users/dwolfe2/Sites/marble-website-starter/site/src/@ndlib/gatsby-theme-marble/components/Layout/CornerBanner/index.js">
        <metrics statements="2" coveredstatements="2" conditionals="0" coveredconditionals="0" methods="1" coveredmethods="1"/>
        <line num="4" count="1" type="stmt"/>
        <line num="5" count="1" type="stmt"/>
      </file>
    </package>
    <package name="Layout.PageWrapper.Footer">
      <metrics statements="4" coveredstatements="4" conditionals="0" coveredconditionals="0" methods="1" coveredmethods="1"/>
      <file name="index.js" path="/Users/dwolfe2/Sites/marble-website-starter/site/src/@ndlib/gatsby-theme-marble/components/Layout/PageWrapper/Footer/index.js">
        <metrics statements="3" coveredstatements="3" conditionals="0" coveredconditionals="0" methods="1" coveredmethods="1"/>
        <line num="9" count="1" type="stmt"/>
        <line num="10" count="1" type="stmt"/>
        <line num="11" count="1" type="stmt"/>
      </file>
      <file name="sx.js" path="/Users/dwolfe2/Sites/marble-website-starter/site/src/@ndlib/gatsby-theme-marble/components/Layout/PageWrapper/Footer/sx.js">
        <metrics statements="1" coveredstatements="1" conditionals="0" coveredconditionals="0" methods="0" coveredmethods="0"/>
        <line num="1" count="1" type="stmt"/>
      </file>
    </package>
  </project>
</coverage>
