{"/Users/dwolfe2/Sites/marble-website-starter/site/src/@ndlib/gatsby-theme-marble/components/App/Pages/User/UserBasePath/UserBasePathContent/CreateAccount/WelcomeMessage/index.js": {"path":"/Users/dwolfe2/Sites/marble-website-starter/site/src/@ndlib/gatsby-theme-marble/components/App/Pages/User/UserBasePath/UserBasePathContent/CreateAccount/WelcomeMessage/index.js","statementMap":{"0":{"start":{"line":3,"column":23},"end":{"line":9,"column":1}},"1":{"start":{"line":4,"column":2},"end":{"line":8,"column":3}}},"fnMap":{"0":{"name":"(anonymous_0)","decl":{"start":{"line":3,"column":23},"end":{"line":3,"column":24}},"loc":{"start":{"line":3,"column":29},"end":{"line":9,"column":1}},"line":3}},"branchMap":{},"s":{"0":1,"1":1},"f":{"0":1},"b":{},"_coverageSchema":"1a1c01bbd47fc00a2c39e90264f33305004495a9","hash":"7e408eb0cf63abb01c975a09e1b36de6bf8026cc"}
,"/Users/dwolfe2/Sites/marble-website-starter/site/src/@ndlib/gatsby-theme-marble/components/Layout/CornerBanner/index.js": {"path":"/Users/dwolfe2/Sites/marble-website-starter/site/src/@ndlib/gatsby-theme-marble/components/Layout/CornerBanner/index.js","statementMap":{"0":{"start":{"line":4,"column":21},"end":{"line":15,"column":1}},"1":{"start":{"line":5,"column":2},"end":{"line":14,"column":3}}},"fnMap":{"0":{"name":"(anonymous_0)","decl":{"start":{"line":4,"column":21},"end":{"line":4,"column":22}},"loc":{"start":{"line":4,"column":27},"end":{"line":15,"column":1}},"line":4}},"branchMap":{},"s":{"0":1,"1":1},"f":{"0":1},"b":{},"_coverageSchema":"1a1c01bbd47fc00a2c39e90264f33305004495a9","hash":"0688115488ddc46a821d6820e29cc9310929ae08"}
,"/Users/dwolfe2/Sites/marble-website-starter/site/src/@ndlib/gatsby-theme-marble/components/Layout/PageWrapper/Footer/index.js": {"path":"/Users/dwolfe2/Sites/marble-website-starter/site/src/@ndlib/gatsby-theme-marble/components/Layout/PageWrapper/Footer/index.js","statementMap":{"0":{"start":{"line":9,"column":22},"end":{"line":45,"column":1}},"1":{"start":{"line":10,"column":15},"end":{"line":10,"column":25}},"2":{"start":{"line":11,"column":2},"end":{"line":44,"column":3}}},"fnMap":{"0":{"name":"(anonymous_0)","decl":{"start":{"line":9,"column":22},"end":{"line":9,"column":23}},"loc":{"start":{"line":9,"column":28},"end":{"line":45,"column":1}},"line":9}},"branchMap":{},"s":{"0":1,"1":1,"2":1},"f":{"0":1},"b":{},"_coverageSchema":"1a1c01bbd47fc00a2c39e90264f33305004495a9","hash":"ea6761a74c03709b328bfef75113c1a2eac67112"}
,"/Users/dwolfe2/Sites/marble-website-starter/site/src/@ndlib/gatsby-theme-marble/components/Layout/PageWrapper/Footer/sx.js": {"path":"/Users/dwolfe2/Sites/marble-website-starter/site/src/@ndlib/gatsby-theme-marble/components/Layout/PageWrapper/Footer/sx.js","statementMap":{"0":{"start":{"line":1,"column":0},"end":{"line":31,"column":1}}},"fnMap":{},"branchMap":{},"s":{"0":1},"f":{},"b":{},"_coverageSchema":"1a1c01bbd47fc00a2c39e90264f33305004495a9","hash":"e42987c5f95bb6a1ae80f844453f09273b978ebe"}
}
