TN:
SF:src/@ndlib/gatsby-theme-marble/components/App/Pages/User/UserBasePath/UserBasePathContent/CreateAccount/WelcomeMessage/index.js
FN:3,(anonymous_0)
FNF:1
FNH:1
FNDA:1,(anonymous_0)
DA:3,1
DA:4,1
LF:2
LH:2
BRF:0
BRH:0
end_of_record
TN:
SF:src/@ndlib/gatsby-theme-marble/components/Layout/CornerBanner/index.js
FN:4,(anonymous_0)
FNF:1
FNH:1
FNDA:1,(anonymous_0)
DA:4,1
DA:5,1
LF:2
LH:2
BRF:0
BRH:0
end_of_record
TN:
SF:src/@ndlib/gatsby-theme-marble/components/Layout/PageWrapper/Footer/index.js
FN:9,(anonymous_0)
FNF:1
FNH:1
FNDA:1,(anonymous_0)
DA:9,1
DA:10,1
DA:11,1
LF:3
LH:3
BRF:0
BRH:0
end_of_record
TN:
SF:src/@ndlib/gatsby-theme-marble/components/Layout/PageWrapper/Footer/sx.js
FNF:0
FNH:0
DA:1,1
LF:1
LH:1
BRF:0
BRH:0
end_of_record
